<?xml version="1.0" encoding="UTF-8"?>
<testsuite xmlns:xsi="http://www.w3.org/2001/XMLSchema-instance" xsi:noNamespaceSchemaLocation="https://maven.apache.org/surefire/maven-surefire-plugin/xsd/surefire-test-report-3.0.xsd" version="3.0" name="nl.tudelft.instrumentation.fuzzing.DistanceVisitorTest" time="0.08" tests="14" errors="0" skipped="0" failures="0">
  <properties>
[...]
</properties>
  <testcase name="testSimpleIfShouldCreateOneBinaryExpression" classname="nl.tudelft.instrumentation.fuzzing.DistanceVisitorTest" time="0.015">
    <system-out><![CDATA[public class Test {

    public static void main(String[] args) {
        if (a <= 0)
            return "INVALID";
    }
}

import nl.tudelft.instrumentation.fuzzing.*;
import nl.tudelft.instrumentation.runner.CallableTraceRunner;

public class Test implements CallableTraceRunner<Void> {

    public static void main(String[] args) {
        DistanceTracker.myIf(DistanceTracker.binaryExpr(DistanceTracker.MyVar(a), DistanceTracker.MyVar(0), "<="), a <= 0, 3);
        if (a <= 0)
            return "INVALID";
    }

    public String[] sequence;

    public Void call() {
        Test cp = new Test();
        for (String s : sequence) {
            try {
                cp.calculateOutput(s);
            } catch (Exception e) {
                FuzzingLab.output("Invalid input: " + e.getMessage());
            }
        }
        return null;
    }

    public void setSequence(String[] trace) {
        sequence = trace;
    }
}

]]></system-out>
  </testcase>
  <testcase name="testInstrumentationShouldCreateSequenceAttribute" classname="nl.tudelft.instrumentation.fuzzing.DistanceVisitorTest" time="0.006">
    <system-out><![CDATA[public class Test {

    public static void main(String[] args) {
        if (a.equals(b) && a.equals(b) && a.equals(b) && a.equals(b))
            return "INVALID";
    }
}

import nl.tudelft.instrumentation.fuzzing.*;
import nl.tudelft.instrumentation.runner.CallableTraceRunner;

public class Test implements CallableTraceRunner<Void> {

    public static void main(String[] args) {
        DistanceTracker.myIf(DistanceTracker.binaryExpr(DistanceTracker.binaryExpr(DistanceTracker.binaryExpr(DistanceTracker.equals(DistanceTracker.MyVar(b), DistanceTracker.MyVar(a)), DistanceTracker.equals(DistanceTracker.MyVar(b), DistanceTracker.MyVar(a)), "&&"), DistanceTracker.equals(DistanceTracker.MyVar(b), DistanceTracker.MyVar(a)), "&&"), DistanceTracker.equals(DistanceTracker.MyVar(b), DistanceTracker.MyVar(a)), "&&"), a.equals(b) && a.equals(b) && a.equals(b) && a.equals(b), 3);
        if (a.equals(b) && a.equals(b) && a.equals(b) && a.equals(b))
            return "INVALID";
    }

    public String[] sequence;

    public Void call() {
        Test cp = new Test();
        for (String s : sequence) {
            try {
                cp.calculateOutput(s);
            } catch (Exception e) {
                FuzzingLab.output("Invalid input: " + e.getMessage());
            }
        }
        return null;
    }

    public void setSequence(String[] trace) {
        sequence = trace;
    }
}

]]></system-out>
  </testcase>
  <testcase name="testInstrumentationShouldAddImportForCallable" classname="nl.tudelft.instrumentation.fuzzing.DistanceVisitorTest" time="0.006">
    <system-out><![CDATA[public class Test {

    public static void main(String[] args) {
        if (a.equals(b) && a.equals(b) && a.equals(b) && a.equals(b))
            return "INVALID";
    }
}

import nl.tudelft.instrumentation.fuzzing.*;
import nl.tudelft.instrumentation.runner.CallableTraceRunner;

public class Test implements CallableTraceRunner<Void> {

    public static void main(String[] args) {
        DistanceTracker.myIf(DistanceTracker.binaryExpr(DistanceTracker.binaryExpr(DistanceTracker.binaryExpr(DistanceTracker.equals(DistanceTracker.MyVar(b), DistanceTracker.MyVar(a)), DistanceTracker.equals(DistanceTracker.MyVar(b), DistanceTracker.MyVar(a)), "&&"), DistanceTracker.equals(DistanceTracker.MyVar(b), DistanceTracker.MyVar(a)), "&&"), DistanceTracker.equals(DistanceTracker.MyVar(b), DistanceTracker.MyVar(a)), "&&"), a.equals(b) && a.equals(b) && a.equals(b) && a.equals(b), 3);
        if (a.equals(b) && a.equals(b) && a.equals(b) && a.equals(b))
            return "INVALID";
    }

    public String[] sequence;

    public Void call() {
        Test cp = new Test();
        for (String s : sequence) {
            try {
                cp.calculateOutput(s);
            } catch (Exception e) {
                FuzzingLab.output("Invalid input: " + e.getMessage());
            }
        }
        return null;
    }

    public void setSequence(String[] trace) {
        sequence = trace;
    }
}

]]></system-out>
  </testcase>
  <testcase name="testSimpleIfShouldCreateOneMyIfMethodCall" classname="nl.tudelft.instrumentation.fuzzing.DistanceVisitorTest" time="0.006">
    <system-out><![CDATA[public class Test {

    public static void main(String[] args) {
        if (a <= 0)
            return "INVALID";
    }
}

import nl.tudelft.instrumentation.fuzzing.*;
import nl.tudelft.instrumentation.runner.CallableTraceRunner;

public class Test implements CallableTraceRunner<Void> {

    public static void main(String[] args) {
        DistanceTracker.myIf(DistanceTracker.binaryExpr(DistanceTracker.MyVar(a), DistanceTracker.MyVar(0), "<="), a <= 0, 3);
        if (a <= 0)
            return "INVALID";
    }

    public String[] sequence;

    public Void call() {
        Test cp = new Test();
        for (String s : sequence) {
            try {
                cp.calculateOutput(s);
            } catch (Exception e) {
                FuzzingLab.output("Invalid input: " + e.getMessage());
            }
        }
        return null;
    }

    public void setSequence(String[] trace) {
        sequence = trace;
    }
}

]]></system-out>
  </testcase>
  <testcase name="testManyComparisonsInIfCreatesManyBinaryExpressions" classname="nl.tudelft.instrumentation.fuzzing.DistanceVisitorTest" time="0.004">
    <system-out><![CDATA[public class Test {

    public static void main(String[] args) {
        if (a.equals(b) && a.equals(b) && a.equals(b) && a.equals(b))
            return "INVALID";
    }
}

import nl.tudelft.instrumentation.fuzzing.*;
import nl.tudelft.instrumentation.runner.CallableTraceRunner;

public class Test implements CallableTraceRunner<Void> {

    public static void main(String[] args) {
        DistanceTracker.myIf(DistanceTracker.binaryExpr(DistanceTracker.binaryExpr(DistanceTracker.binaryExpr(DistanceTracker.equals(DistanceTracker.MyVar(b), DistanceTracker.MyVar(a)), DistanceTracker.equals(DistanceTracker.MyVar(b), DistanceTracker.MyVar(a)), "&&"), DistanceTracker.equals(DistanceTracker.MyVar(b), DistanceTracker.MyVar(a)), "&&"), DistanceTracker.equals(DistanceTracker.MyVar(b), DistanceTracker.MyVar(a)), "&&"), a.equals(b) && a.equals(b) && a.equals(b) && a.equals(b), 3);
        if (a.equals(b) && a.equals(b) && a.equals(b) && a.equals(b))
            return "INVALID";
    }

    public String[] sequence;

    public Void call() {
        Test cp = new Test();
        for (String s : sequence) {
            try {
                cp.calculateOutput(s);
            } catch (Exception e) {
                FuzzingLab.output("Invalid input: " + e.getMessage());
            }
        }
        return null;
    }

    public void setSequence(String[] trace) {
        sequence = trace;
    }
}

]]></system-out>
  </testcase>
  <testcase name="testInstrumentationShouldCreateRunCall" classname="nl.tudelft.instrumentation.fuzzing.DistanceVisitorTest" time="0.004">
    <system-out><![CDATA[public class Test {

    public static void main(String[] args) {
        Test eca = new Test();
    }
}

import nl.tudelft.instrumentation.fuzzing.*;
import nl.tudelft.instrumentation.runner.CallableTraceRunner;

public class Test implements CallableTraceRunner<Void> {

    public static void main(String[] args) {
        Test eca = new Test();
        DistanceTracker.run(eca.inputs, eca);
    }

    public String[] sequence;

    public Void call() {
        Test cp = new Test();
        for (String s : sequence) {
            try {
                cp.calculateOutput(s);
            } catch (Exception e) {
                FuzzingLab.output("Invalid input: " + e.getMessage());
            }
        }
        return null;
    }

    public void setSequence(String[] trace) {
        sequence = trace;
    }
}

]]></system-out>
  </testcase>
  <testcase name="testEqualsShouldConvertToMyVarEquals" classname="nl.tudelft.instrumentation.fuzzing.DistanceVisitorTest" time="0.005">
    <system-out><![CDATA[public class Test {

    public static void main(String[] args) {
        if (a.equals(b))
            return "INVALID";
    }
}

import nl.tudelft.instrumentation.fuzzing.*;
import nl.tudelft.instrumentation.runner.CallableTraceRunner;

public class Test implements CallableTraceRunner<Void> {

    public static void main(String[] args) {
        DistanceTracker.myIf(DistanceTracker.equals(DistanceTracker.MyVar(b), DistanceTracker.MyVar(a)), a.equals(b), 3);
        if (a.equals(b))
            return "INVALID";
    }

    public String[] sequence;

    public Void call() {
        Test cp = new Test();
        for (String s : sequence) {
            try {
                cp.calculateOutput(s);
            } catch (Exception e) {
                FuzzingLab.output("Invalid input: " + e.getMessage());
            }
        }
        return null;
    }

    public void setSequence(String[] trace) {
        sequence = trace;
    }
}

]]></system-out>
  </testcase>
  <testcase name="testNestedIfShouldCreateTwoMyIfCalls" classname="nl.tudelft.instrumentation.fuzzing.DistanceVisitorTest" time="0.005">
    <system-out><![CDATA[public class Test {

    public static void main(String[] args) {
        if (a <= 0) {
            if (a <= 0)
                return "INVALID";
        }
    }
}

import nl.tudelft.instrumentation.fuzzing.*;
import nl.tudelft.instrumentation.runner.CallableTraceRunner;

public class Test implements CallableTraceRunner<Void> {

    public static void main(String[] args) {
        DistanceTracker.myIf(DistanceTracker.binaryExpr(DistanceTracker.MyVar(a), DistanceTracker.MyVar(0), "<="), a <= 0, 3);
        if (a <= 0) {
            DistanceTracker.myIf(DistanceTracker.binaryExpr(DistanceTracker.MyVar(a), DistanceTracker.MyVar(0), "<="), a <= 0, 4);
            if (a <= 0)
                return "INVALID";
        }
    }

    public String[] sequence;

    public Void call() {
        Test cp = new Test();
        for (String s : sequence) {
            try {
                cp.calculateOutput(s);
            } catch (Exception e) {
                FuzzingLab.output("Invalid input: " + e.getMessage());
            }
        }
        return null;
    }

    public void setSequence(String[] trace) {
        sequence = trace;
    }
}

]]></system-out>
  </testcase>
  <testcase name="testInstrumentationShouldCreateSetSequenceMethod" classname="nl.tudelft.instrumentation.fuzzing.DistanceVisitorTest" time="0.007">
    <system-out><![CDATA[public class Test {

    public static void main(String[] args) {
        if (a.equals(b) && a.equals(b) && a.equals(b) && a.equals(b))
            return "INVALID";
    }
}

import nl.tudelft.instrumentation.fuzzing.*;
import nl.tudelft.instrumentation.runner.CallableTraceRunner;

public class Test implements CallableTraceRunner<Void> {

    public static void main(String[] args) {
        DistanceTracker.myIf(DistanceTracker.binaryExpr(DistanceTracker.binaryExpr(DistanceTracker.binaryExpr(DistanceTracker.equals(DistanceTracker.MyVar(b), DistanceTracker.MyVar(a)), DistanceTracker.equals(DistanceTracker.MyVar(b), DistanceTracker.MyVar(a)), "&&"), DistanceTracker.equals(DistanceTracker.MyVar(b), DistanceTracker.MyVar(a)), "&&"), DistanceTracker.equals(DistanceTracker.MyVar(b), DistanceTracker.MyVar(a)), "&&"), a.equals(b) && a.equals(b) && a.equals(b) && a.equals(b), 3);
        if (a.equals(b) && a.equals(b) && a.equals(b) && a.equals(b))
            return "INVALID";
    }

    public String[] sequence;

    public Void call() {
        Test cp = new Test();
        for (String s : sequence) {
            try {
                cp.calculateOutput(s);
            } catch (Exception e) {
                FuzzingLab.output("Invalid input: " + e.getMessage());
            }
        }
        return null;
    }

    public void setSequence(String[] trace) {
        sequence = trace;
    }
}

]]></system-out>
  </testcase>
  <testcase name="testSimpleIfShouldCreateOneUnaryExpression" classname="nl.tudelft.instrumentation.fuzzing.DistanceVisitorTest" time="0.004">
    <system-out><![CDATA[public class Test {

    public static void main(String[] args) {
        if (!a)
            return "INVALID";
    }
}

import nl.tudelft.instrumentation.fuzzing.*;
import nl.tudelft.instrumentation.runner.CallableTraceRunner;

public class Test implements CallableTraceRunner<Void> {

    public static void main(String[] args) {
        DistanceTracker.myIf(DistanceTracker.unaryExpr(DistanceTracker.MyVar(a), "!"), !a, 3);
        if (!a)
            return "INVALID";
    }

    public String[] sequence;

    public Void call() {
        Test cp = new Test();
        for (String s : sequence) {
            try {
                cp.calculateOutput(s);
            } catch (Exception e) {
                FuzzingLab.output("Invalid input: " + e.getMessage());
            }
        }
        return null;
    }

    public void setSequence(String[] trace) {
        sequence = trace;
    }
}

]]></system-out>
  </testcase>
  <testcase name="testInstrumentationShouldCreateCallMethod" classname="nl.tudelft.instrumentation.fuzzing.DistanceVisitorTest" time="0.004">
    <system-out><![CDATA[public class Test {

    public static void main(String[] args) {
        if (a.equals(b) && a.equals(b) && a.equals(b) && a.equals(b))
            return "INVALID";
    }
}

import nl.tudelft.instrumentation.fuzzing.*;
import nl.tudelft.instrumentation.runner.CallableTraceRunner;

public class Test implements CallableTraceRunner<Void> {

    public static void main(String[] args) {
        DistanceTracker.myIf(DistanceTracker.binaryExpr(DistanceTracker.binaryExpr(DistanceTracker.binaryExpr(DistanceTracker.equals(DistanceTracker.MyVar(b), DistanceTracker.MyVar(a)), DistanceTracker.equals(DistanceTracker.MyVar(b), DistanceTracker.MyVar(a)), "&&"), DistanceTracker.equals(DistanceTracker.MyVar(b), DistanceTracker.MyVar(a)), "&&"), DistanceTracker.equals(DistanceTracker.MyVar(b), DistanceTracker.MyVar(a)), "&&"), a.equals(b) && a.equals(b) && a.equals(b) && a.equals(b), 3);
        if (a.equals(b) && a.equals(b) && a.equals(b) && a.equals(b))
            return "INVALID";
    }

    public String[] sequence;

    public Void call() {
        Test cp = new Test();
        for (String s : sequence) {
            try {
                cp.calculateOutput(s);
            } catch (Exception e) {
                FuzzingLab.output("Invalid input: " + e.getMessage());
            }
        }
        return null;
    }

    public void setSequence(String[] trace) {
        sequence = trace;
    }
}

]]></system-out>
  </testcase>
  <testcase name="testInstrumentationShouldAddImport" classname="nl.tudelft.instrumentation.fuzzing.DistanceVisitorTest" time="0.003">
    <system-out><![CDATA[public class Test {

    public static void main(String[] args) {
        if (a.equals(b))
            return "INVALID";
    }
}

import nl.tudelft.instrumentation.fuzzing.*;
import nl.tudelft.instrumentation.runner.CallableTraceRunner;

public class Test implements CallableTraceRunner<Void> {

    public static void main(String[] args) {
        DistanceTracker.myIf(DistanceTracker.equals(DistanceTracker.MyVar(b), DistanceTracker.MyVar(a)), a.equals(b), 3);
        if (a.equals(b))
            return "INVALID";
    }

    public String[] sequence;

    public Void call() {
        Test cp = new Test();
        for (String s : sequence) {
            try {
                cp.calculateOutput(s);
            } catch (Exception e) {
                FuzzingLab.output("Invalid input: " + e.getMessage());
            }
        }
        return null;
    }

    public void setSequence(String[] trace) {
        sequence = trace;
    }
}

]]></system-out>
  </testcase>
  <testcase name="testInstrumentationShouldAddImplementToClass" classname="nl.tudelft.instrumentation.fuzzing.DistanceVisitorTest" time="0.004">
    <system-out><![CDATA[public class Test {

    public static void main(String[] args) {
        if (a.equals(b) && a.equals(b) && a.equals(b) && a.equals(b))
            return "INVALID";
    }
}

import nl.tudelft.instrumentation.fuzzing.*;
import nl.tudelft.instrumentation.runner.CallableTraceRunner;

public class Test implements CallableTraceRunner<Void> {

    public static void main(String[] args) {
        DistanceTracker.myIf(DistanceTracker.binaryExpr(DistanceTracker.binaryExpr(DistanceTracker.binaryExpr(DistanceTracker.equals(DistanceTracker.MyVar(b), DistanceTracker.MyVar(a)), DistanceTracker.equals(DistanceTracker.MyVar(b), DistanceTracker.MyVar(a)), "&&"), DistanceTracker.equals(DistanceTracker.MyVar(b), DistanceTracker.MyVar(a)), "&&"), DistanceTracker.equals(DistanceTracker.MyVar(b), DistanceTracker.MyVar(a)), "&&"), a.equals(b) && a.equals(b) && a.equals(b) && a.equals(b), 3);
        if (a.equals(b) && a.equals(b) && a.equals(b) && a.equals(b))
            return "INVALID";
    }

    public String[] sequence;

    public Void call() {
        Test cp = new Test();
        for (String s : sequence) {
            try {
                cp.calculateOutput(s);
            } catch (Exception e) {
                FuzzingLab.output("Invalid input: " + e.getMessage());
            }
        }
        return null;
    }

    public void setSequence(String[] trace) {
        sequence = trace;
    }
}

]]></system-out>
  </testcase>
  <testcase name="testSimpleIfShouldCreateTwoMyVars" classname="nl.tudelft.instrumentation.fuzzing.DistanceVisitorTest" time="0.003">
    <system-out><![CDATA[public class Test {

    public static void main(String[] args) {
        if (a <= 0)
            return "INVALID";
    }
}

import nl.tudelft.instrumentation.fuzzing.*;
import nl.tudelft.instrumentation.runner.CallableTraceRunner;

public class Test implements CallableTraceRunner<Void> {

    public static void main(String[] args) {
        DistanceTracker.myIf(DistanceTracker.binaryExpr(DistanceTracker.MyVar(a), DistanceTracker.MyVar(0), "<="), a <= 0, 3);
        if (a <= 0)
            return "INVALID";
    }

    public String[] sequence;

    public Void call() {
        Test cp = new Test();
        for (String s : sequence) {
            try {
                cp.calculateOutput(s);
            } catch (Exception e) {
                FuzzingLab.output("Invalid input: " + e.getMessage());
            }
        }
        return null;
    }

    public void setSequence(String[] trace) {
        sequence = trace;
    }
}

]]></system-out>
  </testcase>
</testsuite>